<?xml version="1.0" encoding="UTF-8"?>
<!-- Generated by org.testng.reporters.JUnitReportReporter -->
<testsuite hostname="DESKTOP-5JJETEC" failures="0" tests="1" name="com.technocredits.orghrm.testscripts.DashboardTest" time="0.303" errors="0" timestamp="2022-08-05T13:45:44 IST" skipped="0">
  <testcase classname="com.technocredits.orghrm.testscripts.DashboardTest" name="widgetsTest" time="0.303"/>
  <system-out/>
</testsuite> <!-- com.technocredits.orghrm.testscripts.DashboardTest -->
