<?xml version="1.0" encoding="UTF-8"?>
<!-- Generated by org.testng.reporters.JUnitReportReporter -->
<testsuite hostname="DESKTOP-5JJETEC" failures="0" tests="1" name="com.technocredits.orghrm.testscripts.UserSettingTest" time="3.148" errors="0" timestamp="2022-08-05T14:15:46 IST" skipped="0">
  <testcase classname="com.technocredits.orghrm.testscripts.UserSettingTest" name="tc3" time="3.148"/>
  <system-out/>
</testsuite> <!-- com.technocredits.orghrm.testscripts.UserSettingTest -->
