<?xml version="1.0" encoding="UTF-8"?>
<!-- Generated by org.testng.reporters.JUnitReportReporter -->
<testsuite hostname="DESKTOP-5JJETEC" failures="0" tests="1" name="com.technocredits.orghrm.testscripts.QualificationsTest" time="19.410" errors="0" timestamp="2022-08-23T20:49:34 IST" skipped="0">
  <testcase classname="com.technocredits.orghrm.testscripts.QualificationsTest" name="tc6" time="19.410"/>
  <system-out/>
</testsuite> <!-- com.technocredits.orghrm.testscripts.QualificationsTest -->
