<?xml version="1.0" encoding="UTF-8"?>
<!-- Generated by org.testng.reporters.JUnitReportReporter -->
<testsuite hostname="DESKTOP-5JJETEC" failures="0" tests="5" name="com.technocredits.orghrm.testscripts.LoginDataDriverTest" time="149.746" errors="0" timestamp="2022-08-14T20:00:54 IST" skipped="1">
  <testcase classname="com.technocredits.orghrm.testscripts.LoginDataDriverTest" name="loginDataProviderTest" time="77.157"/>
  <system-out/>
  <testcase classname="com.technocredits.orghrm.testscripts.LoginDataDriverTest" name="loginDataProviderTest" time="18.399"/>
  <system-out/>
  <testcase classname="com.technocredits.orghrm.testscripts.LoginDataDriverTest" name="loginDataProviderTest" time="27.074"/>
  <system-out/>
  <testcase classname="com.technocredits.orghrm.testscripts.LoginDataDriverTest" name="loginDataProviderTest" time="27.116"/>
  <system-out/>
  <testcase classname="com.technocredits.orghrm.testscripts.LoginDataDriverTest" name="loginInvalidDataTest">
    <skipped/>
  </testcase> <!-- loginInvalidDataTest -->
  <system-out/>
</testsuite> <!-- com.technocredits.orghrm.testscripts.LoginDataDriverTest -->
