<?xml version="1.0" encoding="UTF-8"?>
<!-- Generated by org.testng.reporters.JUnitReportReporter -->
<testsuite hostname="DESKTOP-5JJETEC" failures="0" tests="1" name="com.technocredits.orghrm.testscripts.GeneralInformationTest" time="7.159" errors="0" timestamp="2022-08-06T16:13:20 IST" skipped="0">
  <testcase classname="com.technocredits.orghrm.testscripts.GeneralInformationTest" name="tc7" time="7.159"/>
  <system-out/>
</testsuite> <!-- com.technocredits.orghrm.testscripts.GeneralInformationTest -->
