<?xml version="1.0" encoding="UTF-8"?>
<!-- Generated by org.testng.reporters.JUnitReportReporter -->
<testsuite hostname="DESKTOP-5JJETEC" failures="0" tests="1" name="com.technocredits.orghrm.testscripts.PersonalDetailsTest" time="22.799" errors="0" timestamp="2022-08-06T01:28:05 IST" skipped="0">
  <testcase classname="com.technocredits.orghrm.testscripts.PersonalDetailsTest" name="testCase4" time="22.799"/>
  <system-out/>
</testsuite> <!-- com.technocredits.orghrm.testscripts.PersonalDetailsTest -->
