<?xml version="1.0" encoding="UTF-8"?>
<!-- Generated by org.testng.reporters.JUnitReportReporter -->
<testsuite hostname="DESKTOP-5JJETEC" failures="0" tests="1" name="com.technocredits.orghrm.testscripts.ExampleTest" time="13.981" errors="0" timestamp="2022-07-31T20:28:57 IST" skipped="0">
  <testcase classname="com.technocredits.orghrm.testscripts.ExampleTest" name="dryTest" time="13.981"/>
  <system-out/>
</testsuite> <!-- com.technocredits.orghrm.testscripts.ExampleTest -->
