<?xml version="1.0" encoding="UTF-8"?>
<!-- Generated by org.testng.reporters.JUnitReportReporter -->
<testsuite hostname="DESKTOP-5JJETEC" failures="0" tests="1" name="com.technocredits.orghrm.testscripts.HRAdministrationTest" time="2.366" errors="0" timestamp="2022-08-05T17:08:21 IST" skipped="0">
  <testcase classname="com.technocredits.orghrm.testscripts.HRAdministrationTest" name="tc5" time="2.366"/>
  <system-out/>
</testsuite> <!-- com.technocredits.orghrm.testscripts.HRAdministrationTest -->
