<?xml version="1.0" encoding="UTF-8"?>
<!-- Generated by org.testng.reporters.JUnitReportReporter -->
<testsuite hostname="DESKTOP-5JJETEC" failures="0" tests="1" name="com.technocredits.orghrm.testscripts.LoginTest" time="247.382" errors="0" timestamp="2022-08-09T14:31:41 IST" skipped="0">
  <testcase classname="com.technocredits.orghrm.testscripts.LoginTest" name="loginTest" time="247.382"/>
  <system-out/>
</testsuite> <!-- com.technocredits.orghrm.testscripts.LoginTest -->
